<?xml version="1.0" encoding="UTF-8"?>
<testng-results skipped="0" failed="0" total="2" passed="2">
  <reporter-output>
    <line>
      <![CDATA[Loging to User Account Page with e-mail testcaseleniumjava@gmail.com and password Ghjcnjz270]]>
    </line>
    <line>
      <![CDATA[Allert error]]>
    </line>
  </reporter-output>
  <suite name="TestingBasics" duration-ms="13260" started-at="2015-09-29T14:10:14Z" finished-at="2015-09-29T14:10:27Z">
    <groups>
      <group name="group">
        <method signature="AccountPageTestSuite.openUserPage()[pri:0, instance:com.gmail.testcases.AccountPageTestSuite@5a61f5df]" name="openUserPage" class="com.gmail.testcases.AccountPageTestSuite"/>
        <method signature="HomePageTestSuite.openHomePage()[pri:0, instance:com.gmail.testcases.HomePageTestSuite@36f6e879]" name="openHomePage" class="com.gmail.testcases.HomePageTestSuite"/>
      </group> <!-- group -->
    </groups>
    <test name="TestGmail" duration-ms="13260" started-at="2015-09-29T14:10:14Z" finished-at="2015-09-29T14:10:27Z">
      <class name="com.gmail.testcases.AccountPageTestSuite">
        <test-method status="PASS" signature="init(java.lang.String)[pri:0, instance:com.gmail.testcases.AccountPageTestSuite@5a61f5df]" name="init" is-config="true" duration-ms="1956" started-at="2015-09-29T17:10:18Z" finished-at="2015-09-29T17:10:19Z">
          <params>
            <param index="0">
              <value>
                <![CDATA[firefox]]>
              </value>
            </param>
          </params>
          <reporter-output>
          </reporter-output>
        </test-method> <!-- init -->
        <test-method status="PASS" signature="openUserPage()[pri:0, instance:com.gmail.testcases.AccountPageTestSuite@5a61f5df]" name="openUserPage" duration-ms="7682" started-at="2015-09-29T17:10:19Z" finished-at="2015-09-29T17:10:27Z">
          <reporter-output>
            <line>
              <![CDATA[Loging to User Account Page with e-mail testcaseleniumjava@gmail.com and password Ghjcnjz270]]>
            </line>
            <line>
              <![CDATA[Allert error]]>
            </line>
          </reporter-output>
        </test-method> <!-- openUserPage -->
        <test-method status="PASS" signature="reopenApp()[pri:0, instance:com.gmail.testcases.AccountPageTestSuite@5a61f5df]" name="reopenApp" is-config="true" duration-ms="0" started-at="2015-09-29T17:10:27Z" finished-at="2015-09-29T17:10:27Z">
          <reporter-output>
          </reporter-output>
        </test-method> <!-- reopenApp -->
      </class> <!-- com.gmail.testcases.AccountPageTestSuite -->
      <class name="com.gmail.testcases.HomePageTestSuite">
        <test-method status="PASS" signature="init(java.lang.String)[pri:0, instance:com.gmail.testcases.HomePageTestSuite@36f6e879]" name="init" is-config="true" duration-ms="2415" started-at="2015-09-29T17:10:14Z" finished-at="2015-09-29T17:10:16Z">
          <params>
            <param index="0">
              <value>
                <![CDATA[firefox]]>
              </value>
            </param>
          </params>
          <reporter-output>
          </reporter-output>
        </test-method> <!-- init -->
        <test-method status="PASS" signature="openHomePage()[pri:0, instance:com.gmail.testcases.HomePageTestSuite@36f6e879]" name="openHomePage" duration-ms="1092" started-at="2015-09-29T17:10:16Z" finished-at="2015-09-29T17:10:17Z">
          <reporter-output>
          </reporter-output>
        </test-method> <!-- openHomePage -->
        <test-method status="PASS" signature="reopenApp()[pri:0, instance:com.gmail.testcases.HomePageTestSuite@36f6e879]" name="reopenApp" is-config="true" duration-ms="71" started-at="2015-09-29T17:10:17Z" finished-at="2015-09-29T17:10:18Z">
          <reporter-output>
          </reporter-output>
        </test-method> <!-- reopenApp -->
      </class> <!-- com.gmail.testcases.HomePageTestSuite -->
    </test> <!-- TestGmail -->
  </suite> <!-- TestingBasics -->
</testng-results>
